[2025-10-27 18:19:57] [INFO] 
    COMPRA REGISTRADA
    Ciclo: #1
    Cripto: Tether
    Cantidad comprada: 952.3809523809523
    Monto invertido: $1000.00 USD
    Tasa de compra: 1 Tether = $1.0500 USD
    
[2025-10-27 19:35:43] [INFO] 
    COMPRA REGISTRADA
    Ciclo: #1
    Cripto: Tether
    Cantidad comprada: 980.7129578754577
    Monto invertido: $1019.94 USD
    Tasa de compra: 1 Tether = $1.0400 USD
    
[2025-10-27 22:18:13] [INFO] 
    COMPRA REGISTRADA
    Ciclo: #3
    Cripto: Tether
    Cantidad comprada: 0.05
    Monto invertido: $3000.00 USD
    Tasa de compra: 1 Tether = $60000.0000 USD
    
[2025-10-27 22:19:48] [INFO] 
    COMPRA REGISTRADA
    Ciclo: #5
    Cripto: Tether
    Cantidad comprada: 0.05
    Monto invertido: $3000.00 USD
    Tasa de compra: 1 Tether = $60000.0000 USD
    
[2025-10-27 22:22:27] [INFO] 
    COMPRA REGISTRADA
    Ciclo: #2
    Cripto: Bitcoin
    Cantidad comprada: 0.05
    Monto invertido: $3000.00 USD
    Tasa de compra: 1 Bitcoin = $60000.0000 USD
    
[2025-10-27 22:22:45] [INFO] 
    COMPRA REGISTRADA
    Ciclo: #2
    Cripto: Bitcoin
    Cantidad comprada: 0.05
    Monto invertido: $3000.00 USD
    Tasa de compra: 1 Bitcoin = $60000.0000 USD
    
