[2025-10-27 18:20:15] [INFO] Capital total calculado:
Tether: 952.3809523809523 x $1.0500 = $1000.00
TOTAL: $1000.00 USD
[2025-10-27 18:23:42] [INFO] Cálculo precio sugerido: Costo=1.0500, Comisión=0.35%, Ganancia objetivo=2.0%, Precio sugerido=1.0747
[2025-10-27 18:24:39] [INFO] Ganancia estimada: Costo=1.0500, Precio venta=1.0747, Ganancia bruta=2.35%, Ganancia neta=2.00%
[2025-10-27 18:24:39] [INFO] Ganancia estimada: Costo=1.0500, Precio venta=1.0747, Ganancia bruta=2.35%, Ganancia neta=2.00%
[2025-10-27 18:25:06] [INFO] 
    CÁLCULO DE VENTA
    ─────────────────────────────────────────────
    Cripto: 
    Cantidad: 120.0
    
    COSTOS:
    - Costo unitario: $1.0500
    - Costo total: $126.00 USD
    
    VENTA:
    - Precio venta: $1.0747
    - Monto total: $128.96 USD
    
    COMISIONES:
    - Porcentaje: 0.35%
    - Monto: $0.45 USD
    
    GANANCIAS:
    - Ganancia bruta: $2.96 USD
    - Ganancia neta: $2.51 USD
    - ROI: 1.99%
    ─────────────────────────────────────────────
    
[2025-10-27 18:29:05] [INFO] 
    CÁLCULO DE VENTA
    ─────────────────────────────────────────────
    Cripto: 
    Cantidad: 100.0
    
    COSTOS:
    - Costo unitario: $1.0500
    - Costo total: $105.00 USD
    
    VENTA:
    - Precio venta: $1.0747
    - Monto total: $107.47 USD
    
    COMISIONES:
    - Porcentaje: 0.35%
    - Monto: $0.38 USD
    
    GANANCIAS:
    - Ganancia bruta: $2.47 USD
    - Ganancia neta: $2.09 USD
    - ROI: 1.99%
    ─────────────────────────────────────────────
    
[2025-10-27 18:30:04] [INFO] 
    CÁLCULO DE VENTA
    ─────────────────────────────────────────────
    Cripto: 
    Cantidad: 32.38095238
    
    COSTOS:
    - Costo unitario: $1.0500
    - Costo total: $34.00 USD
    
    VENTA:
    - Precio venta: $1.0747
    - Monto total: $34.80 USD
    
    COMISIONES:
    - Porcentaje: 0.35%
    - Monto: $0.12 USD
    
    GANANCIAS:
    - Ganancia bruta: $0.80 USD
    - Ganancia neta: $0.68 USD
    - ROI: 1.99%
    ─────────────────────────────────────────────
    
[2025-10-27 18:30:29] [INFO] 
    CÁLCULO DE VENTA
    ─────────────────────────────────────────────
    Cripto: 
    Cantidad: 350.0
    
    COSTOS:
    - Costo unitario: $1.0500
    - Costo total: $367.50 USD
    
    VENTA:
    - Precio venta: $1.0747
    - Monto total: $376.14 USD
    
    COMISIONES:
    - Porcentaje: 0.35%
    - Monto: $1.32 USD
    
    GANANCIAS:
    - Ganancia bruta: $8.64 USD
    - Ganancia neta: $7.33 USD
    - ROI: 1.99%
    ─────────────────────────────────────────────
    
[2025-10-27 18:31:12] [INFO] 
    CÁLCULO DE VENTA
    ─────────────────────────────────────────────
    Cripto: 
    Cantidad: 300.0
    
    COSTOS:
    - Costo unitario: $1.0500
    - Costo total: $315.00 USD
    
    VENTA:
    - Precio venta: $1.0747
    - Monto total: $322.41 USD
    
    COMISIONES:
    - Porcentaje: 0.35%
    - Monto: $1.13 USD
    
    GANANCIAS:
    - Ganancia bruta: $7.41 USD
    - Ganancia neta: $6.28 USD
    - ROI: 1.99%
    ─────────────────────────────────────────────
    
[2025-10-27 18:33:33] [INFO] Capital total calculado:
Tether: 50.00000000095224 x $1.0500 = $52.50
TOTAL: $52.50 USD
[2025-10-27 18:39:34] [INFO] Capital total calculado:
Tether: 50.00000000095224 x $1.0500 = $52.50
TOTAL: $52.50 USD
[2025-10-27 18:40:35] [INFO] Capital total calculado:
Tether: 50.00000000095224 x $1.0500 = $52.50
TOTAL: $52.50 USD
[2025-10-27 18:41:11] [INFO] Capital total calculado:
Tether: 50.00000000095224 x $1.0500 = $52.50
TOTAL: $52.50 USD
[2025-10-27 19:34:08] [INFO] Capital total calculado:
Tether: 50.00000000095224 x $1.0500 = $52.50
TOTAL: $52.50 USD
[2025-10-27 19:34:25] [INFO] Cálculo precio sugerido: Costo=1.0500, Comisión=0.35%, Ganancia objetivo=2.0%, Precio sugerido=1.0747
[2025-10-27 19:34:32] [INFO] Ganancia estimada: Costo=1.0500, Precio venta=1.0747, Ganancia bruta=2.35%, Ganancia neta=2.00%
[2025-10-27 19:34:32] [INFO] Ganancia estimada: Costo=1.0500, Precio venta=1.0747, Ganancia bruta=2.35%, Ganancia neta=2.00%
[2025-10-27 19:34:39] [INFO] 
    CÁLCULO DE VENTA
    ─────────────────────────────────────────────
    Cripto: 
    Cantidad: 50.00000000095224
    
    COSTOS:
    - Costo unitario: $1.0500
    - Costo total: $52.50 USD
    
    VENTA:
    - Precio venta: $1.0747
    - Monto total: $53.74 USD
    
    COMISIONES:
    - Porcentaje: 0.35%
    - Monto: $0.19 USD
    
    GANANCIAS:
    - Ganancia bruta: $1.24 USD
    - Ganancia neta: $1.05 USD
    - ROI: 1.99%
    ─────────────────────────────────────────────
    
[2025-10-27 19:34:42] [INFO] Capital total calculado:

TOTAL: $0.00 USD
[2025-10-27 19:34:42] [INFO] 
    CÁLCULO CAPITAL DEL DÍA
    ─────────────────────────────────────────────
    Capital inicial: $52.50 USD
    
    RESUMEN DE VENTAS:
    - Total vendido: $53.74 USD
    - Total comisiones: $0.19 USD
    - Total ganancias: $1.05 USD
    
    Capital final: $53.55 USD
    Diferencia: $1.05 USD
    ─────────────────────────────────────────────
    
[2025-10-27 19:34:46] [INFO] Capital total calculado:

TOTAL: $0.00 USD
