[2025-10-27 18:19:37] [INFO] 
    NUEVO CICLO CREADO
    ID: #1
    Duración: 15 días
    Capital inicial: $0.00 USD
    Fecha inicio: 2025-10-27
    Fecha fin estimada: 2025-11-11
    
[2025-10-27 22:16:57] [INFO] 
    NUEVO CICLO CREADO
    ID: #1
    Duración: 7 días
    Capital inicial: $0.00 USD
    Fecha inicio: 2025-10-27
    Fecha fin estimada: 2025-11-03
    
[2025-10-27 22:18:12] [INFO] 
    NUEVO CICLO CREADO
    ID: #2
    Duración: 7 días
    Capital inicial: $0.00 USD
    Fecha inicio: 2025-10-27
    Fecha fin estimada: 2025-11-03
    
[2025-10-27 22:18:13] [INFO] 
    NUEVO CICLO CREADO
    ID: #3
    Duración: 7 días
    Capital inicial: $0.00 USD
    Fecha inicio: 2025-10-27
    Fecha fin estimada: 2025-11-03
    
[2025-10-27 22:19:47] [INFO] 
    NUEVO CICLO CREADO
    ID: #4
    Duración: 7 días
    Capital inicial: $3000.00 USD
    Fecha inicio: 2025-10-27
    Fecha fin estimada: 2025-11-03
    
[2025-10-27 22:19:48] [INFO] 
    NUEVO CICLO CREADO
    ID: #5
    Duración: 7 días
    Capital inicial: $3000.00 USD
    Fecha inicio: 2025-10-27
    Fecha fin estimada: 2025-11-03
    
[2025-10-27 22:22:27] [INFO] 
    NUEVO CICLO CREADO
    ID: #1
    Duración: 7 días
    Capital inicial: $0.00 USD
    Fecha inicio: 2025-10-27
    Fecha fin estimada: 2025-11-03
    
[2025-10-27 22:22:27] [INFO] 
    NUEVO CICLO CREADO
    ID: #2
    Duración: 7 días
    Capital inicial: $0.00 USD
    Fecha inicio: 2025-10-27
    Fecha fin estimada: 2025-11-03
    
[2025-10-27 22:22:45] [INFO] 
    NUEVO CICLO CREADO
    ID: #1
    Duración: 7 días
    Capital inicial: $0.00 USD
    Fecha inicio: 2025-10-27
    Fecha fin estimada: 2025-11-03
    
[2025-10-27 22:22:45] [INFO] 
    NUEVO CICLO CREADO
    ID: #2
    Duración: 7 días
    Capital inicial: $0.00 USD
    Fecha inicio: 2025-10-27
    Fecha fin estimada: 2025-11-03
    
