[2025-10-27 18:19:25] [INFO] Tablas de configuración inicializadas
[GENERAL] [2025-10-27 18:19:25] [INFO] Tablas de configuración inicializadas
[2025-10-27 18:19:27] [INFO] Sistema iniciado
[GENERAL] [2025-10-27 18:19:27] [INFO] Sistema iniciado
[CICLOS] [2025-10-27 18:19:37] [INFO] 
    NUEVO CICLO CREADO
    ID: #1
    Duración: 15 días
    Capital inicial: $0.00 USD
    Fecha inicio: 2025-10-27
    Fecha fin estimada: 2025-11-11
    
[BOVEDA] [2025-10-27 18:19:57] [INFO] 
    COMPRA REGISTRADA
    Ciclo: #1
    Cripto: Tether
    Cantidad comprada: 952.3809523809523
    Monto invertido: $1000.00 USD
    Tasa de compra: 1 Tether = $1.0500 USD
    
[OPERACIONES] [2025-10-27 18:20:06] [INFO] ============================================================
[OPERACIONES] [2025-10-27 18:20:06] [INFO] Módulo operador iniciado
[CALCULOS] [2025-10-27 18:20:15] [INFO] Capital total calculado:
Tether: 952.3809523809523 x $1.0500 = $1000.00
TOTAL: $1000.00 USD
[OPERACIONES] [2025-10-27 18:20:15] [INFO] 
    DÍA INICIADO
    Ciclo: #1
    Día: #1
    Capital inicial: $1000.00 USD
    Criptos disponibles:
    Tether: 952.3809523809523 (1000.00 USD)
    
[CALCULOS] [2025-10-27 18:23:42] [INFO] Cálculo precio sugerido: Costo=1.0500, Comisión=0.35%, Ganancia objetivo=2.0%, Precio sugerido=1.0747
[CALCULOS] [2025-10-27 18:24:39] [INFO] Ganancia estimada: Costo=1.0500, Precio venta=1.0747, Ganancia bruta=2.35%, Ganancia neta=2.00%
[CALCULOS] [2025-10-27 18:24:39] [INFO] Ganancia estimada: Costo=1.0500, Precio venta=1.0747, Ganancia bruta=2.35%, Ganancia neta=2.00%
[OPERACIONES] [2025-10-27 18:24:39] [INFO] 
    PRECIO DE VENTA DEFINIDO
    Cripto: Tether
    Costo promedio: $1.0500
    Comisión: 0.35%
    Ganancia objetivo: 2.00%
    Precio publicado: $1.0747
    Ganancia neta estimada: 2.00%
    
[CALCULOS] [2025-10-27 18:25:06] [INFO] 
    CÁLCULO DE VENTA
    ─────────────────────────────────────────────
    Cripto: 
    Cantidad: 120.0
    
    COSTOS:
    - Costo unitario: $1.0500
    - Costo total: $126.00 USD
    
    VENTA:
    - Precio venta: $1.0747
    - Monto total: $128.96 USD
    
    COMISIONES:
    - Porcentaje: 0.35%
    - Monto: $0.45 USD
    
    GANANCIAS:
    - Ganancia bruta: $2.96 USD
    - Ganancia neta: $2.51 USD
    - ROI: 1.99%
    ─────────────────────────────────────────────
    
[OPERACIONES] [2025-10-27 18:25:06] [INFO] 
    VENTA #1 REGISTRADA
    Cripto: Tether
    Cantidad vendida: 120.0
    Precio unitario: $1.0747
    Monto total recibido: $128.96 USD
    Comisión pagada: $0.45 USD
    Ganancia neta: $2.51 USD
    
[CALCULOS] [2025-10-27 18:29:05] [INFO] 
    CÁLCULO DE VENTA
    ─────────────────────────────────────────────
    Cripto: 
    Cantidad: 100.0
    
    COSTOS:
    - Costo unitario: $1.0500
    - Costo total: $105.00 USD
    
    VENTA:
    - Precio venta: $1.0747
    - Monto total: $107.47 USD
    
    COMISIONES:
    - Porcentaje: 0.35%
    - Monto: $0.38 USD
    
    GANANCIAS:
    - Ganancia bruta: $2.47 USD
    - Ganancia neta: $2.09 USD
    - ROI: 1.99%
    ─────────────────────────────────────────────
    
[OPERACIONES] [2025-10-27 18:29:05] [INFO] 
    VENTA #2 REGISTRADA
    Cripto: Tether
    Cantidad vendida: 100.0
    Precio unitario: $1.0747
    Monto total recibido: $107.47 USD
    Comisión pagada: $0.38 USD
    Ganancia neta: $2.09 USD
    
[CALCULOS] [2025-10-27 18:30:04] [INFO] 
    CÁLCULO DE VENTA
    ─────────────────────────────────────────────
    Cripto: 
    Cantidad: 32.38095238
    
    COSTOS:
    - Costo unitario: $1.0500
    - Costo total: $34.00 USD
    
    VENTA:
    - Precio venta: $1.0747
    - Monto total: $34.80 USD
    
    COMISIONES:
    - Porcentaje: 0.35%
    - Monto: $0.12 USD
    
    GANANCIAS:
    - Ganancia bruta: $0.80 USD
    - Ganancia neta: $0.68 USD
    - ROI: 1.99%
    ─────────────────────────────────────────────
    
[OPERACIONES] [2025-10-27 18:30:04] [INFO] 
    VENTA #3 REGISTRADA
    Cripto: Tether
    Cantidad vendida: 32.38095238
    Precio unitario: $1.0747
    Monto total recibido: $34.80 USD
    Comisión pagada: $0.12 USD
    Ganancia neta: $0.68 USD
    
[CALCULOS] [2025-10-27 18:30:29] [INFO] 
    CÁLCULO DE VENTA
    ─────────────────────────────────────────────
    Cripto: 
    Cantidad: 350.0
    
    COSTOS:
    - Costo unitario: $1.0500
    - Costo total: $367.50 USD
    
    VENTA:
    - Precio venta: $1.0747
    - Monto total: $376.14 USD
    
    COMISIONES:
    - Porcentaje: 0.35%
    - Monto: $1.32 USD
    
    GANANCIAS:
    - Ganancia bruta: $8.64 USD
    - Ganancia neta: $7.33 USD
    - ROI: 1.99%
    ─────────────────────────────────────────────
    
[OPERACIONES] [2025-10-27 18:30:29] [INFO] 
    VENTA #4 REGISTRADA
    Cripto: Tether
    Cantidad vendida: 350.0
    Precio unitario: $1.0747
    Monto total recibido: $376.14 USD
    Comisión pagada: $1.32 USD
    Ganancia neta: $7.33 USD
    
[CALCULOS] [2025-10-27 18:31:12] [INFO] 
    CÁLCULO DE VENTA
    ─────────────────────────────────────────────
    Cripto: 
    Cantidad: 300.0
    
    COSTOS:
    - Costo unitario: $1.0500
    - Costo total: $315.00 USD
    
    VENTA:
    - Precio venta: $1.0747
    - Monto total: $322.41 USD
    
    COMISIONES:
    - Porcentaje: 0.35%
    - Monto: $1.13 USD
    
    GANANCIAS:
    - Ganancia bruta: $7.41 USD
    - Ganancia neta: $6.28 USD
    - ROI: 1.99%
    ─────────────────────────────────────────────
    
[OPERACIONES] [2025-10-27 18:31:12] [INFO] 
    VENTA #5 REGISTRADA
    Cripto: Tether
    Cantidad vendida: 300.0
    Precio unitario: $1.0747
    Monto total recibido: $322.41 USD
    Comisión pagada: $1.13 USD
    Ganancia neta: $6.28 USD
    
[OPERACIONES] [2025-10-27 18:31:43] [INFO] ============================================================
[OPERACIONES] [2025-10-27 18:31:43] [INFO] Módulo operador iniciado
[2025-10-27 18:32:25] [WARNING] Sistema interrumpido por usuario (Ctrl+C)
[GENERAL] [2025-10-27 18:32:25] [WARNING] Sistema interrumpido por usuario (Ctrl+C)
[2025-10-27 18:33:26] [INFO] Tablas de configuración inicializadas
[GENERAL] [2025-10-27 18:33:26] [INFO] Tablas de configuración inicializadas
[2025-10-27 18:33:28] [INFO] Sistema iniciado
[GENERAL] [2025-10-27 18:33:28] [INFO] Sistema iniciado
[OPERACIONES] [2025-10-27 18:33:31] [INFO] ============================================================
[OPERACIONES] [2025-10-27 18:33:31] [INFO] Módulo operador iniciado
[CALCULOS] [2025-10-27 18:33:33] [INFO] Capital total calculado:
Tether: 50.00000000095224 x $1.0500 = $52.50
TOTAL: $52.50 USD
[CALCULOS] [2025-10-27 18:39:34] [INFO] Capital total calculado:
Tether: 50.00000000095224 x $1.0500 = $52.50
TOTAL: $52.50 USD
[2025-10-27 18:39:49] [WARNING] Sistema interrumpido por usuario (Ctrl+C)
[GENERAL] [2025-10-27 18:39:49] [WARNING] Sistema interrumpido por usuario (Ctrl+C)
[2025-10-27 18:40:25] [INFO] Tablas de configuración inicializadas
[GENERAL] [2025-10-27 18:40:25] [INFO] Tablas de configuración inicializadas
[2025-10-27 18:40:26] [INFO] Sistema iniciado
[GENERAL] [2025-10-27 18:40:26] [INFO] Sistema iniciado
[OPERACIONES] [2025-10-27 18:40:30] [INFO] ============================================================
[OPERACIONES] [2025-10-27 18:40:30] [INFO] Módulo operador iniciado
[CALCULOS] [2025-10-27 18:40:35] [INFO] Capital total calculado:
Tether: 50.00000000095224 x $1.0500 = $52.50
TOTAL: $52.50 USD
[OPERACIONES] [2025-10-27 18:40:47] [INFO] ============================================================
[OPERACIONES] [2025-10-27 18:40:47] [INFO] Módulo operador iniciado
[CALCULOS] [2025-10-27 18:41:11] [INFO] Capital total calculado:
Tether: 50.00000000095224 x $1.0500 = $52.50
TOTAL: $52.50 USD
[2025-10-27 18:44:34] [INFO] Sistema cerrado por el usuario
[GENERAL] [2025-10-27 18:44:34] [INFO] Sistema cerrado por el usuario
[2025-10-27 19:34:00] [INFO] Tablas de configuración inicializadas
[GENERAL] [2025-10-27 19:34:00] [INFO] Tablas de configuración inicializadas
[2025-10-27 19:34:01] [INFO] Sistema iniciado
[GENERAL] [2025-10-27 19:34:01] [INFO] Sistema iniciado
[OPERACIONES] [2025-10-27 19:34:03] [INFO] ============================================================
[OPERACIONES] [2025-10-27 19:34:03] [INFO] Módulo operador iniciado
[CALCULOS] [2025-10-27 19:34:08] [INFO] Capital total calculado:
Tether: 50.00000000095224 x $1.0500 = $52.50
TOTAL: $52.50 USD
[OPERACIONES] [2025-10-27 19:34:09] [INFO] 
    DÍA INICIADO
    Ciclo: #1
    Día: #2
    Capital inicial: $52.50 USD
    Criptos disponibles:
    Tether: 50.00000000095224 (52.50 USD)
    
[CALCULOS] [2025-10-27 19:34:25] [INFO] Cálculo precio sugerido: Costo=1.0500, Comisión=0.35%, Ganancia objetivo=2.0%, Precio sugerido=1.0747
[CALCULOS] [2025-10-27 19:34:32] [INFO] Ganancia estimada: Costo=1.0500, Precio venta=1.0747, Ganancia bruta=2.35%, Ganancia neta=2.00%
[CALCULOS] [2025-10-27 19:34:32] [INFO] Ganancia estimada: Costo=1.0500, Precio venta=1.0747, Ganancia bruta=2.35%, Ganancia neta=2.00%
[OPERACIONES] [2025-10-27 19:34:32] [INFO] 
    PRECIO DE VENTA DEFINIDO
    Cripto: Tether
    Costo promedio: $1.0500
    Comisión: 0.35%
    Ganancia objetivo: 2.00%
    Precio publicado: $1.0747
    Ganancia neta estimada: 2.00%
    
[CALCULOS] [2025-10-27 19:34:39] [INFO] 
    CÁLCULO DE VENTA
    ─────────────────────────────────────────────
    Cripto: 
    Cantidad: 50.00000000095224
    
    COSTOS:
    - Costo unitario: $1.0500
    - Costo total: $52.50 USD
    
    VENTA:
    - Precio venta: $1.0747
    - Monto total: $53.74 USD
    
    COMISIONES:
    - Porcentaje: 0.35%
    - Monto: $0.19 USD
    
    GANANCIAS:
    - Ganancia bruta: $1.24 USD
    - Ganancia neta: $1.05 USD
    - ROI: 1.99%
    ─────────────────────────────────────────────
    
[OPERACIONES] [2025-10-27 19:34:39] [INFO] 
    VENTA #1 REGISTRADA
    Cripto: Tether
    Cantidad vendida: 50.00000000095224
    Precio unitario: $1.0747
    Monto total recibido: $53.74 USD
    Comisión pagada: $0.19 USD
    Ganancia neta: $1.05 USD
    
[CALCULOS] [2025-10-27 19:34:42] [INFO] Capital total calculado:

TOTAL: $0.00 USD
[CALCULOS] [2025-10-27 19:34:42] [INFO] 
    CÁLCULO CAPITAL DEL DÍA
    ─────────────────────────────────────────────
    Capital inicial: $52.50 USD
    
    RESUMEN DE VENTAS:
    - Total vendido: $53.74 USD
    - Total comisiones: $0.19 USD
    - Total ganancias: $1.05 USD
    
    Capital final: $53.55 USD
    Diferencia: $1.05 USD
    ─────────────────────────────────────────────
    
[OPERACIONES] [2025-10-27 19:34:42] [INFO] 
    DÍA CERRADO
    Ciclo: #1
    Día: #2
    Capital inicial: $52.50 USD
    Capital final: $53.55 USD
    Ganancia del día: $1.05 USD
    Ventas realizadas: 1
    
[CALCULOS] [2025-10-27 19:34:46] [INFO] Capital total calculado:

TOTAL: $0.00 USD
[BOVEDA] [2025-10-27 19:35:43] [INFO] 
    COMPRA REGISTRADA
    Ciclo: #1
    Cripto: Tether
    Cantidad comprada: 980.7129578754577
    Monto invertido: $1019.94 USD
    Tasa de compra: 1 Tether = $1.0400 USD
    
[OPERACIONES] [2025-10-27 19:35:43] [INFO] INTERÉS COMPUESTO APLICADO: $1019.94 reinvertidos en 980.71295788 USDT
[2025-10-27 19:37:11] [INFO] Sistema cerrado por el usuario
[GENERAL] [2025-10-27 19:37:11] [INFO] Sistema cerrado por el usuario
[2025-10-27 21:35:07] [INFO] Tablas de configuración inicializadas
[GENERAL] [2025-10-27 21:35:07] [INFO] Tablas de configuración inicializadas
[2025-10-27 21:35:27] [INFO] Tablas de configuración inicializadas
[GENERAL] [2025-10-27 21:35:27] [INFO] Tablas de configuración inicializadas
[2025-10-27 21:40:44] [INFO] Tablas de configuración inicializadas
[GENERAL] [2025-10-27 21:40:44] [INFO] Tablas de configuración inicializadas
[2025-10-27 21:40:50] [INFO] Tablas de configuración inicializadas
[GENERAL] [2025-10-27 21:40:50] [INFO] Tablas de configuración inicializadas
[2025-10-27 21:42:58] [INFO] Tablas de configuración inicializadas
[GENERAL] [2025-10-27 21:42:58] [INFO] Tablas de configuración inicializadas
[2025-10-27 21:44:59] [INFO] Tablas de configuración inicializadas
[GENERAL] [2025-10-27 21:44:59] [INFO] Tablas de configuración inicializadas
[2025-10-27 21:45:23] [INFO] Tablas de configuración inicializadas
[GENERAL] [2025-10-27 21:45:23] [INFO] Tablas de configuración inicializadas
[2025-10-27 21:45:54] [INFO] Tablas de configuración inicializadas
[GENERAL] [2025-10-27 21:45:54] [INFO] Tablas de configuración inicializadas
[2025-10-27 21:47:11] [INFO] Tablas de configuración inicializadas
[GENERAL] [2025-10-27 21:47:11] [INFO] Tablas de configuración inicializadas
[2025-10-27 21:48:19] [INFO] Tablas de configuración inicializadas
[GENERAL] [2025-10-27 21:48:19] [INFO] Tablas de configuración inicializadas
[2025-10-27 21:51:02] [INFO] Tablas de configuración inicializadas
[GENERAL] [2025-10-27 21:51:02] [INFO] Tablas de configuración inicializadas
[2025-10-27 21:51:05] [INFO] Sistema iniciado
[GENERAL] [2025-10-27 21:51:05] [INFO] Sistema iniciado
[2025-10-27 21:51:09] [INFO] Sistema cerrado por el usuario
[GENERAL] [2025-10-27 21:51:09] [INFO] Sistema cerrado por el usuario
[2025-10-27 21:51:11] [INFO] Tablas de configuración inicializadas
[GENERAL] [2025-10-27 21:51:11] [INFO] Tablas de configuración inicializadas
[2025-10-27 21:51:12] [INFO] Sistema iniciado
[GENERAL] [2025-10-27 21:51:12] [INFO] Sistema iniciado
[2025-10-27 21:52:46] [WARNING] Sistema interrumpido por usuario (Ctrl+C)
[GENERAL] [2025-10-27 21:52:46] [WARNING] Sistema interrumpido por usuario (Ctrl+C)
[2025-10-27 21:54:37] [INFO] Tablas de configuración inicializadas
[GENERAL] [2025-10-27 21:54:37] [INFO] Tablas de configuración inicializadas
[2025-10-27 21:54:39] [INFO] Sistema iniciado
[GENERAL] [2025-10-27 21:54:39] [INFO] Sistema iniciado
[2025-10-27 21:55:03] [INFO] Sistema cerrado por el usuario
[GENERAL] [2025-10-27 21:55:03] [INFO] Sistema cerrado por el usuario
[CICLOS] [2025-10-27 22:16:57] [INFO] 
    NUEVO CICLO CREADO
    ID: #1
    Duración: 7 días
    Capital inicial: $0.00 USD
    Fecha inicio: 2025-10-27
    Fecha fin estimada: 2025-11-03
    
[CICLOS] [2025-10-27 22:18:12] [INFO] 
    NUEVO CICLO CREADO
    ID: #2
    Duración: 7 días
    Capital inicial: $0.00 USD
    Fecha inicio: 2025-10-27
    Fecha fin estimada: 2025-11-03
    
[CICLOS] [2025-10-27 22:18:13] [INFO] 
    NUEVO CICLO CREADO
    ID: #3
    Duración: 7 días
    Capital inicial: $0.00 USD
    Fecha inicio: 2025-10-27
    Fecha fin estimada: 2025-11-03
    
[BOVEDA] [2025-10-27 22:18:13] [INFO] 
    COMPRA REGISTRADA
    Ciclo: #3
    Cripto: Tether
    Cantidad comprada: 0.05
    Monto invertido: $3000.00 USD
    Tasa de compra: 1 Tether = $60000.0000 USD
    
[CICLOS] [2025-10-27 22:19:47] [INFO] 
    NUEVO CICLO CREADO
    ID: #4
    Duración: 7 días
    Capital inicial: $3000.00 USD
    Fecha inicio: 2025-10-27
    Fecha fin estimada: 2025-11-03
    
[CICLOS] [2025-10-27 22:19:48] [INFO] 
    NUEVO CICLO CREADO
    ID: #5
    Duración: 7 días
    Capital inicial: $3000.00 USD
    Fecha inicio: 2025-10-27
    Fecha fin estimada: 2025-11-03
    
[BOVEDA] [2025-10-27 22:19:48] [INFO] 
    COMPRA REGISTRADA
    Ciclo: #5
    Cripto: Tether
    Cantidad comprada: 0.05
    Monto invertido: $3000.00 USD
    Tasa de compra: 1 Tether = $60000.0000 USD
    
[CICLOS] [2025-10-27 22:22:27] [INFO] 
    NUEVO CICLO CREADO
    ID: #1
    Duración: 7 días
    Capital inicial: $0.00 USD
    Fecha inicio: 2025-10-27
    Fecha fin estimada: 2025-11-03
    
[CICLOS] [2025-10-27 22:22:27] [INFO] 
    NUEVO CICLO CREADO
    ID: #2
    Duración: 7 días
    Capital inicial: $0.00 USD
    Fecha inicio: 2025-10-27
    Fecha fin estimada: 2025-11-03
    
[BOVEDA] [2025-10-27 22:22:27] [INFO] 
    COMPRA REGISTRADA
    Ciclo: #2
    Cripto: Bitcoin
    Cantidad comprada: 0.05
    Monto invertido: $3000.00 USD
    Tasa de compra: 1 Bitcoin = $60000.0000 USD
    
[CICLOS] [2025-10-27 22:22:45] [INFO] 
    NUEVO CICLO CREADO
    ID: #1
    Duración: 7 días
    Capital inicial: $0.00 USD
    Fecha inicio: 2025-10-27
    Fecha fin estimada: 2025-11-03
    
[CICLOS] [2025-10-27 22:22:45] [INFO] 
    NUEVO CICLO CREADO
    ID: #2
    Duración: 7 días
    Capital inicial: $0.00 USD
    Fecha inicio: 2025-10-27
    Fecha fin estimada: 2025-11-03
    
[BOVEDA] [2025-10-27 22:22:45] [INFO] 
    COMPRA REGISTRADA
    Ciclo: #2
    Cripto: Bitcoin
    Cantidad comprada: 0.05
    Monto invertido: $3000.00 USD
    Tasa de compra: 1 Bitcoin = $60000.0000 USD
    
