[2025-10-27 18:20:06] [INFO] ============================================================
[2025-10-27 18:20:06] [INFO] Módulo operador iniciado
[2025-10-27 18:20:15] [INFO] 
    DÍA INICIADO
    Ciclo: #1
    Día: #1
    Capital inicial: $1000.00 USD
    Criptos disponibles:
    Tether: 952.3809523809523 (1000.00 USD)
    
[2025-10-27 18:24:39] [INFO] 
    PRECIO DE VENTA DEFINIDO
    Cripto: Tether
    Costo promedio: $1.0500
    Comisión: 0.35%
    Ganancia objetivo: 2.00%
    Precio publicado: $1.0747
    Ganancia neta estimada: 2.00%
    
[2025-10-27 18:25:06] [INFO] 
    VENTA #1 REGISTRADA
    Cripto: Tether
    Cantidad vendida: 120.0
    Precio unitario: $1.0747
    Monto total recibido: $128.96 USD
    Comisión pagada: $0.45 USD
    Ganancia neta: $2.51 USD
    
[2025-10-27 18:29:05] [INFO] 
    VENTA #2 REGISTRADA
    Cripto: Tether
    Cantidad vendida: 100.0
    Precio unitario: $1.0747
    Monto total recibido: $107.47 USD
    Comisión pagada: $0.38 USD
    Ganancia neta: $2.09 USD
    
[2025-10-27 18:30:04] [INFO] 
    VENTA #3 REGISTRADA
    Cripto: Tether
    Cantidad vendida: 32.38095238
    Precio unitario: $1.0747
    Monto total recibido: $34.80 USD
    Comisión pagada: $0.12 USD
    Ganancia neta: $0.68 USD
    
[2025-10-27 18:30:29] [INFO] 
    VENTA #4 REGISTRADA
    Cripto: Tether
    Cantidad vendida: 350.0
    Precio unitario: $1.0747
    Monto total recibido: $376.14 USD
    Comisión pagada: $1.32 USD
    Ganancia neta: $7.33 USD
    
[2025-10-27 18:31:12] [INFO] 
    VENTA #5 REGISTRADA
    Cripto: Tether
    Cantidad vendida: 300.0
    Precio unitario: $1.0747
    Monto total recibido: $322.41 USD
    Comisión pagada: $1.13 USD
    Ganancia neta: $6.28 USD
    
[2025-10-27 18:31:43] [INFO] ============================================================
[2025-10-27 18:31:43] [INFO] Módulo operador iniciado
[2025-10-27 18:33:31] [INFO] ============================================================
[2025-10-27 18:33:31] [INFO] Módulo operador iniciado
[2025-10-27 18:40:30] [INFO] ============================================================
[2025-10-27 18:40:30] [INFO] Módulo operador iniciado
[2025-10-27 18:40:47] [INFO] ============================================================
[2025-10-27 18:40:47] [INFO] Módulo operador iniciado
[2025-10-27 19:34:03] [INFO] ============================================================
[2025-10-27 19:34:03] [INFO] Módulo operador iniciado
[2025-10-27 19:34:09] [INFO] 
    DÍA INICIADO
    Ciclo: #1
    Día: #2
    Capital inicial: $52.50 USD
    Criptos disponibles:
    Tether: 50.00000000095224 (52.50 USD)
    
[2025-10-27 19:34:32] [INFO] 
    PRECIO DE VENTA DEFINIDO
    Cripto: Tether
    Costo promedio: $1.0500
    Comisión: 0.35%
    Ganancia objetivo: 2.00%
    Precio publicado: $1.0747
    Ganancia neta estimada: 2.00%
    
[2025-10-27 19:34:39] [INFO] 
    VENTA #1 REGISTRADA
    Cripto: Tether
    Cantidad vendida: 50.00000000095224
    Precio unitario: $1.0747
    Monto total recibido: $53.74 USD
    Comisión pagada: $0.19 USD
    Ganancia neta: $1.05 USD
    
[2025-10-27 19:34:42] [INFO] 
    DÍA CERRADO
    Ciclo: #1
    Día: #2
    Capital inicial: $52.50 USD
    Capital final: $53.55 USD
    Ganancia del día: $1.05 USD
    Ventas realizadas: 1
    
[2025-10-27 19:35:43] [INFO] INTERÉS COMPUESTO APLICADO: $1019.94 reinvertidos en 980.71295788 USDT
